<?xml version="1.0" encoding="UTF-8"?>
<!-- Generated by org.testng.reporters.JUnitXMLReporter -->
<testsuite ignored="0" hostname="LAPTOP-IE8A57BV" failures="0" tests="3" name="Default test" time="39.714" errors="0" timestamp="2022-08-13T15:35:52 IST">
  <testcase classname="usingexcel.login_jxl" name="login" time="18.931"/>
  <testcase classname="usingexcel.login_jxl" name="login" time="10.597"/>
  <testcase classname="usingexcel.login_jxl" name="login" time="9.665"/>
</testsuite> <!-- Default test -->
