<?xml version="1.0" encoding="UTF-8"?>
<testng-results ignored="0" total="3" passed="3" failed="0" skipped="0">
  <reporter-output>
  </reporter-output>
  <suite started-at="2022-08-13T15:35:12 IST" name="Default suite" finished-at="2022-08-13T15:35:52 IST" duration-ms="39714">
    <groups>
    </groups>
    <test started-at="2022-08-13T15:35:12 IST" name="Default test" finished-at="2022-08-13T15:35:52 IST" duration-ms="39714">
      <class name="usingexcel.login_jxl">
        <test-method signature="login(java.lang.String,java.lang.String)[pri:0, instance:usingexcel.login_jxl@73ee04c8]" started-at="2022-08-13T15:35:13 IST" name="login" data-provider="logindata" finished-at="2022-08-13T15:35:32 IST" duration-ms="18931" status="PASS">
          <params>
            <param index="0">
              <value>
                <![CDATA[Admin]]>
              </value>
            </param>
            <param index="1">
              <value>
                <![CDATA[admin123]]>
              </value>
            </param>
          </params>
          <reporter-output>
          </reporter-output>
        </test-method> <!-- login -->
        <test-method signature="login(java.lang.String,java.lang.String)[pri:0, instance:usingexcel.login_jxl@73ee04c8]" started-at="2022-08-13T15:35:32 IST" name="login" data-provider="logindata" finished-at="2022-08-13T15:35:42 IST" duration-ms="10597" status="PASS">
          <params>
            <param index="0">
              <value>
                <![CDATA[test]]>
              </value>
            </param>
            <param index="1">
              <value>
                <![CDATA[test]]>
              </value>
            </param>
          </params>
          <reporter-output>
          </reporter-output>
        </test-method> <!-- login -->
        <test-method signature="login(java.lang.String,java.lang.String)[pri:0, instance:usingexcel.login_jxl@73ee04c8]" started-at="2022-08-13T15:35:42 IST" name="login" data-provider="logindata" finished-at="2022-08-13T15:35:52 IST" duration-ms="9665" status="PASS">
          <params>
            <param index="0">
              <value>
                <![CDATA[correct]]>
              </value>
            </param>
            <param index="1">
              <value>
                <![CDATA[wrong]]>
              </value>
            </param>
          </params>
          <reporter-output>
          </reporter-output>
        </test-method> <!-- login -->
      </class> <!-- usingexcel.login_jxl -->
    </test> <!-- Default test -->
  </suite> <!-- Default suite -->
</testng-results>
